<?xml version="1.0" encoding="UTF-8"?>
<!-- Generated by org.testng.reporters.JUnitReportReporter -->
<testsuite skipped="0" hostname="ymaksymchuk-G6" name="online.qastudy.automationpractice.RegistrationTest" tests="4" failures="0" timestamp="2020-10-08T21:56:40 EEST" time="89.081" errors="0">
  <testcase name="canCreateNewAccountChain" time="22.144" classname="online.qastudy.automationpractice.RegistrationTest"/>
  <testcase name="canCreateNewAccountChain" time="20.420" classname="online.qastudy.automationpractice.RegistrationTest"/>
  <testcase name="canCreateNewAccount" time="22.959" classname="online.qastudy.automationpractice.RegistrationTest"/>
  <testcase name="canCreateNewAccountChain" time="23.558" classname="online.qastudy.automationpractice.RegistrationTest"/>
</testsuite> <!-- online.qastudy.automationpractice.RegistrationTest -->
