<?xml version="1.0" encoding="UTF-8"?>
<!-- Generated by org.testng.reporters.JUnitReportReporter -->
<testsuite skipped="0" hostname="ymaksymchuk-G6" name="online.qastudy.automationpractice.ShopTest" tests="1" failures="0" timestamp="2020-09-29T21:20:04 EEST" time="29.923" errors="0">
  <testcase name="canCheckTotlaPriceForTShirt" time="29.923" classname="online.qastudy.automationpractice.ShopTest"/>
</testsuite> <!-- online.qastudy.automationpractice.ShopTest -->
