<?xml version="1.0" encoding="UTF-8"?>
<!-- Generated by org.testng.reporters.JUnitReportReporter -->
<testsuite skipped="0" hostname="ymaksymchuk-G6" name="online.qastudy.automationpractice.RegistrationTest" tests="4" failures="0" timestamp="2020-09-29T21:20:04 EEST" time="101.697" errors="0">
  <testcase name="canCreateNewAccountChain" time="22.930" classname="online.qastudy.automationpractice.RegistrationTest"/>
  <testcase name="canCreateNewAccount" time="29.624" classname="online.qastudy.automationpractice.RegistrationTest"/>
  <testcase name="canCreateNewAccountChain" time="24.264" classname="online.qastudy.automationpractice.RegistrationTest"/>
  <testcase name="canCreateNewAccountChain" time="24.879" classname="online.qastudy.automationpractice.RegistrationTest"/>
</testsuite> <!-- online.qastudy.automationpractice.RegistrationTest -->
